#
# There is insufficient memory for the Java Runtime Environment to continue.
# Native memory allocation (mmap) failed to map 19169280 bytes for committing reserved memory.
# Possible reasons:
#   The system is out of physical RAM or swap space
#   In 32 bit mode, the process size limit was hit
# Possible solutions:
#   Reduce memory load on the system
#   Increase physical memory or swap space
#   Check if swap backing store is full
#   Use 64 bit Java on a 64 bit OS
#   Decrease Java heap size (-Xmx/-Xms)
#   Decrease number of Java threads
#   Decrease Java thread stack sizes (-Xss)
#   Set larger code cache with -XX:ReservedCodeCacheSize=
# This output file may be truncated or incomplete.
#
#  Out of Memory Error (os_linux.cpp:2627), pid=3420, tid=0xa445db40
#
# JRE version: Java(TM) SE Runtime Environment (8.0_111-b14) (build 1.8.0_111-b14)
# Java VM: Java HotSpot(TM) Client VM (25.111-b14 mixed mode linux-x86 )
# Failed to write core dump. Core dumps have been disabled. To enable core dumping, try "ulimit -c unlimited" before starting Java again
#

---------------  T H R E A D  ---------------

Current thread (0xb695d800):  VMThread [stack: 0xa43dd000,0xa445e000] [id=3425]

Stack: [0xa43dd000,0xa445e000],  sp=0xa445c840,  free space=510k
Native frames: (J=compiled Java code, j=interpreted, Vv=VM code, C=native code)
V  [libjvm.so+0x5bc31f]  VMError::report_and_die()+0x16f
V  [libjvm.so+0x20c965]  report_vm_out_of_memory(char const*, int, unsigned int, VMErrorType, char const*)+0x55
V  [libjvm.so+0x49f276]  os::Linux::commit_memory_impl(char*, unsigned int, bool)+0xe6
V  [libjvm.so+0x49f748]  os::pd_commit_memory(char*, unsigned int, unsigned int, bool)+0x28
V  [libjvm.so+0x49966c]  os::commit_memory(char*, unsigned int, unsigned int, bool)+0x2c
V  [libjvm.so+0x5b83bc]  VirtualSpace::expand_by(unsigned int, bool)+0x1ec
V  [libjvm.so+0x29d1ab]  OneContigSpaceCardGeneration::grow_by(unsigned int)+0x1b
V  [libjvm.so+0x29d4cb]  CardGeneration::expand(unsigned int, unsigned int)+0x5b
V  [libjvm.so+0x29d54a]  OneContigSpaceCardGeneration::expand(unsigned int, unsigned int)+0x2a
V  [libjvm.so+0x29db85]  CardGeneration::compute_new_size()+0x1d5
V  [libjvm.so+0x291c89]  GenCollectedHeap::do_collection(bool, bool, unsigned int, bool, int)+0x679
V  [libjvm.so+0x1b967f]  GenCollectorPolicy::satisfy_failed_allocation(unsigned int, bool)+0x10f
V  [libjvm.so+0x5bd504]  VM_GenCollectForAllocation::doit()+0x74
V  [libjvm.so+0x5c6e27]  VM_Operation::evaluate()+0x47
V  [libjvm.so+0x5c4f03]  VMThread::evaluate_operation(VM_Operation*)+0xb3
V  [libjvm.so+0x5c52a0]  VMThread::loop()+0x1b0
V  [libjvm.so+0x5c5705]  VMThread::run()+0x85
V  [libjvm.so+0x4a18c9]  java_start(Thread*)+0x119
C  [libpthread.so.0+0x62b5]  start_thread+0xe5

VM_Operation (0xb6a9eb94): GenCollectForAllocation, mode: safepoint, requested by thread 0xb6907400


---------------  P R O C E S S  ---------------

Java Threads: ( => current thread )
  0xb6984c00 JavaThread "Service Thread" daemon [_thread_blocked, id=3430, stack(0xa3e8f000,0xa3ee0000)]
  0xb6981800 JavaThread "C1 CompilerThread0" daemon [_thread_blocked, id=3429, stack(0xa3ee0000,0xa3f61000)]
  0xb6980000 JavaThread "Signal Dispatcher" daemon [_thread_blocked, id=3428, stack(0xa3f61000,0xa3fb2000)]
  0xb6965000 JavaThread "Finalizer" daemon [_thread_blocked, id=3427, stack(0xa433b000,0xa438c000)]
  0xb6962400 JavaThread "Reference Handler" daemon [_thread_blocked, id=3426, stack(0xa438c000,0xa43dd000)]
  0xb6907400 JavaThread "main" [_thread_blocked, id=3424, stack(0xb6a55000,0xb6aa6000)]

Other Threads:
=>0xb695d800 VMThread [stack: 0xa43dd000,0xa445e000] [id=3425]
  0xb6986c00 WatcherThread [stack: 0xa3e0e000,0xa3e8f000] [id=3431]

VM state:at safepoint (normal execution)

VM Mutex/Monitor currently owned by a thread:  ([mutex/lock_event])
[0xb6904c08] Threads_lock - owner thread: 0xb695d800
[0xb6905018] Heap_lock - owner thread: 0xb6907400

Heap:
 def new generation   total 12544K, used 1305K [0xa4c00000, 0xa5990000, 0xaa000000)
  eden space 11200K,  11% used [0xa4c00000, 0xa4d46770, 0xa56f0000)
  from space 1344K,   0% used [0xa5840000, 0xa5840000, 0xa5990000)
  to   space 1344K,   0% used [0xa56f0000, 0xa56f0000, 0xa5840000)
 tenured generation   total 28080K, used 28080K [0xaa000000, 0xabb6c000, 0xb4800000)
   the space 28080K, 100% used [0xaa000000, 0xabb6c000, 0xabb6c000, 0xabb6c000)
 Metaspace       used 9126K, capacity 9178K, committed 9240K, reserved 9520K

Card table byte_map: [0xa4b81000,0xa4c00000] byte_map_base: 0xa465b000

Polling page: 0xb7793000

CodeCache: size=32768Kb used=1726Kb max_used=1726Kb free=31041Kb
 bounds [0xb48ab000, 0xb4a5b000, 0xb68ab000]
 total_blobs=983 nmethods=786 adapters=127
 compilation: enabled

Compilation events (10 events):
Event: 9,550 Thread 0xb6981800  802             sun.reflect.generics.tree.ArrayTypeSignature::getComponentType (5 bytes)
Event: 9,550 Thread 0xb6981800 nmethod 802 0xb4a59a48 code [0xb4a59b40, 0xb4a59bc0]
Event: 9,551 Thread 0xb6981800  803             sun.reflect.generics.factory.CoreReflectionFactory::makeArrayType (24 bytes)
Event: 9,551 Thread 0xb6981800 nmethod 803 0xb4a59c08 code [0xb4a59d20, 0xb4a59e6c]
Event: 9,591 Thread 0xb6981800  804             sun.reflect.generics.reflectiveObjects.GenericArrayTypeImpl::getGenericComponentType (5 bytes)
Event: 9,591 Thread 0xb6981800 nmethod 804 0xb4a59f48 code [0xb4a5a040, 0xb4a5a0c0]
Event: 9,759 Thread 0xb6981800  805             java.lang.Class::getReflectionFactory (26 bytes)
Event: 9,759 Thread 0xb6981800 nmethod 805 0xb4a5a108 code [0xb4a5a220, 0xb4a5a32c]
Event: 9,764 Thread 0xb6981800  806             sun.reflect.Reflection::filter (220 bytes)
Event: 9,764 Thread 0xb6981800 nmethod 806 0xb4a5a3c8 code [0xb4a5a510, 0xb4a5a870]

GC Heap History (10 events):
Event: 8,080 GC heap after
Heap after GC invocations=42 (full 2):
 def new generation   total 12544K, used 1189K [0xa4c00000, 0xa5990000, 0xaa000000)
  eden space 11200K,   0% used [0xa4c00000, 0xa4c00000, 0xa56f0000)
  from space 1344K,  88% used [0xa56f0000, 0xa5819510, 0xa5840000)
  to   space 1344K,   0% used [0xa5840000, 0xa5840000, 0xa5990000)
 tenured generation   total 27696K, used 21825K [0xaa000000, 0xabb0c000, 0xb4800000)
   the space 27696K,  78% used [0xaa000000, 0xab550788, 0xab550800, 0xabb0c000)
 Metaspace       used 7387K, capacity 7415K, committed 7448K, reserved 7472K
}
Event: 9,007 GC heap before
{Heap before GC invocations=42 (full 2):
 def new generation   total 12544K, used 12389K [0xa4c00000, 0xa5990000, 0xaa000000)
  eden space 11200K, 100% used [0xa4c00000, 0xa56f0000, 0xa56f0000)
  from space 1344K,  88% used [0xa56f0000, 0xa5819510, 0xa5840000)
  to   space 1344K,   0% used [0xa5840000, 0xa5840000, 0xa5990000)
 tenured generation   total 27696K, used 21825K [0xaa000000, 0xabb0c000, 0xb4800000)
   the space 27696K,  78% used [0xaa000000, 0xab550788, 0xab550800, 0xabb0c000)
 Metaspace       used 8456K, capacity 8506K, committed 8600K, reserved 9520K
Event: 9,018 GC heap after
Heap after GC invocations=43 (full 2):
 def new generation   total 12544K, used 1344K [0xa4c00000, 0xa5990000, 0xaa000000)
  eden space 11200K,   0% used [0xa4c00000, 0xa4c00000, 0xa56f0000)
  from space 1344K, 100% used [0xa5840000, 0xa5990000, 0xa5990000)
  to   space 1344K,   0% used [0xa56f0000, 0xa56f0000, 0xa5840000)
 tenured generation   total 27696K, used 23141K [0xaa000000, 0xabb0c000, 0xb4800000)
   the space 27696K,  83% used [0xaa000000, 0xab699430, 0xab699600, 0xabb0c000)
 Metaspace       used 8456K, capacity 8506K, committed 8600K, reserved 9520K
}
Event: 9,371 GC heap before
{Heap before GC invocations=43 (full 2):
 def new generation   total 12544K, used 12544K [0xa4c00000, 0xa5990000, 0xaa000000)
  eden space 11200K, 100% used [0xa4c00000, 0xa56f0000, 0xa56f0000)
  from space 1344K, 100% used [0xa5840000, 0xa5990000, 0xa5990000)
  to   space 1344K,   0% used [0xa56f0000, 0xa56f0000, 0xa5840000)
 tenured generation   total 27696K, used 23141K [0xaa000000, 0xabb0c000, 0xb4800000)
   the space 27696K,  83% used [0xaa000000, 0xab699430, 0xab699600, 0xabb0c000)
 Metaspace       used 8684K, capacity 8730K, committed 8856K, reserved 9520K
Event: 9,380 GC heap after
Heap after GC invocations=44 (full 2):
 def new generation   total 12544K, used 1266K [0xa4c00000, 0xa5990000, 0xaa000000)
  eden space 11200K,   0% used [0xa4c00000, 0xa4c00000, 0xa56f0000)
  from space 1344K,  94% used [0xa56f0000, 0xa582c890, 0xa5840000)
  to   space 1344K,   0% used [0xa5840000, 0xa5840000, 0xa5990000)
 tenured generation   total 27696K, used 24479K [0xaa000000, 0xabb0c000, 0xb4800000)
   the space 27696K,  88% used [0xaa000000, 0xab7e7fb0, 0xab7e8000, 0xabb0c000)
 Metaspace       used 8684K, capacity 8730K, committed 8856K, reserved 9520K
}
Event: 9,528 GC heap before
{Heap before GC invocations=44 (full 2):
 def new generation   total 12544K, used 12466K [0xa4c00000, 0xa5990000, 0xaa000000)
  eden space 11200K, 100% used [0xa4c00000, 0xa56f0000, 0xa56f0000)
  from space 1344K,  94% used [0xa56f0000, 0xa582c890, 0xa5840000)
  to   space 1344K,   0% used [0xa5840000, 0xa5840000, 0xa5990000)
 tenured generation   total 27696K, used 24479K [0xaa000000, 0xabb0c000, 0xb4800000)
   the space 27696K,  88% used [0xaa000000, 0xab7e7fb0, 0xab7e8000, 0xabb0c000)
 Metaspace       used 8786K, capacity 8826K, committed 8856K, reserved 9520K
Event: 9,542 GC heap after
Heap after GC invocations=45 (full 2):
 def new generation   total 12544K, used 1142K [0xa4c00000, 0xa5990000, 0xaa000000)
  eden space 11200K,   0% used [0xa4c00000, 0xa4c00000, 0xa56f0000)
  from space 1344K,  85% used [0xa5840000, 0xa595d9c8, 0xa5990000)
  to   space 1344K,   0% used [0xa56f0000, 0xa56f0000, 0xa5840000)
 tenured generation   total 27696K, used 25739K [0xaa000000, 0xabb0c000, 0xb4800000)
   the space 27696K,  92% used [0xaa000000, 0xab922fa8, 0xab923000, 0xabb0c000)
 Metaspace       used 8786K, capacity 8826K, committed 8856K, reserved 9520K
}
Event: 9,677 GC heap before
{Heap before GC invocations=45 (full 2):
 def new generation   total 12544K, used 12342K [0xa4c00000, 0xa5990000, 0xaa000000)
  eden space 11200K, 100% used [0xa4c00000, 0xa56f0000, 0xa56f0000)
  from space 1344K,  85% used [0xa5840000, 0xa595d9c8, 0xa5990000)
  to   space 1344K,   0% used [0xa56f0000, 0xa56f0000, 0xa5840000)
 tenured generation   total 27696K, used 25739K [0xaa000000, 0xabb0c000, 0xb4800000)
   the space 27696K,  92% used [0xaa000000, 0xab922fa8, 0xab923000, 0xabb0c000)
 Metaspace       used 9009K, capacity 9050K, committed 9112K, reserved 9520K
Event: 9,686 GC heap after
Heap after GC invocations=46 (full 2):
 def new generation   total 12544K, used 1178K [0xa4c00000, 0xa5990000, 0xaa000000)
  eden space 11200K,   0% used [0xa4c00000, 0xa4c00000, 0xa56f0000)
  from space 1344K,  87% used [0xa56f0000, 0xa5816af0, 0xa5840000)
  to   space 1344K,   0% used [0xa5840000, 0xa5840000, 0xa5990000)
 tenured generation   total 27696K, used 26881K [0xaa000000, 0xabb0c000, 0xb4800000)
   the space 27696K,  97% used [0xaa000000, 0xaba40500, 0xaba40600, 0xabb0c000)
 Metaspace       used 9009K, capacity 9050K, committed 9112K, reserved 9520K
}
Event: 9,801 GC heap before
{Heap before GC invocations=46 (full 2):
 def new generation   total 12544K, used 12378K [0xa4c00000, 0xa5990000, 0xaa000000)
  eden space 11200K, 100% used [0xa4c00000, 0xa56f0000, 0xa56f0000)
  from space 1344K,  87% used [0xa56f0000, 0xa5816af0, 0xa5840000)
  to   space 1344K,   0% used [0xa5840000, 0xa5840000, 0xa5990000)
 tenured generation   total 27696K, used 26881K [0xaa000000, 0xabb0c000, 0xb4800000)
   the space 27696K,  97% used [0xaa000000, 0xaba40500, 0xaba40600, 0xabb0c000)
 Metaspace       used 9126K, capacity 9178K, committed 9240K, reserved 9520K

Deoptimization events (0 events):
No events

Internal exceptions (10 events):
Event: 9,800 Thread 0xb6907400 Exception <a 'java/lang/ArrayIndexOutOfBoundsException'> (0xa56ce3d0) thrown at [/HUDSON/workspace/8-2-build-linux-i586/jdk8u111/7883/hotspot/src/share/vm/runtime/sharedRuntime.cpp, line 605]
Event: 9,800 Thread 0xb6907400 Exception <a 'java/lang/ArrayIndexOutOfBoundsException'> (0xa56d4f98) thrown at [/HUDSON/workspace/8-2-build-linux-i586/jdk8u111/7883/hotspot/src/share/vm/runtime/sharedRuntime.cpp, line 605]
Event: 9,800 Thread 0xb6907400 Exception <a 'java/lang/ArrayIndexOutOfBoundsException'> (0xa56d7b28) thrown at [/HUDSON/workspace/8-2-build-linux-i586/jdk8u111/7883/hotspot/src/share/vm/runtime/sharedRuntime.cpp, line 605]
Event: 9,800 Thread 0xb6907400 Exception <a 'java/lang/ArrayIndexOutOfBoundsException'> (0xa56daf68) thrown at [/HUDSON/workspace/8-2-build-linux-i586/jdk8u111/7883/hotspot/src/share/vm/runtime/sharedRuntime.cpp, line 605]
Event: 9,800 Thread 0xb6907400 Exception <a 'java/lang/ArrayIndexOutOfBoundsException'> (0xa56decd0) thrown at [/HUDSON/workspace/8-2-build-linux-i586/jdk8u111/7883/hotspot/src/share/vm/runtime/sharedRuntime.cpp, line 605]
Event: 9,800 Thread 0xb6907400 Exception <a 'java/lang/ArrayIndexOutOfBoundsException'> (0xa56e2448) thrown at [/HUDSON/workspace/8-2-build-linux-i586/jdk8u111/7883/hotspot/src/share/vm/runtime/sharedRuntime.cpp, line 605]
Event: 9,800 Thread 0xb6907400 Exception <a 'java/lang/ArrayIndexOutOfBoundsException'> (0xa56e4780) thrown at [/HUDSON/workspace/8-2-build-linux-i586/jdk8u111/7883/hotspot/src/share/vm/runtime/sharedRuntime.cpp, line 605]
Event: 9,800 Thread 0xb6907400 Exception <a 'java/lang/ArrayIndexOutOfBoundsException'> (0xa56e71d8) thrown at [/HUDSON/workspace/8-2-build-linux-i586/jdk8u111/7883/hotspot/src/share/vm/runtime/sharedRuntime.cpp, line 605]
Event: 9,800 Thread 0xb6907400 Exception <a 'java/lang/ArrayIndexOutOfBoundsException'> (0xa56e9c10) thrown at [/HUDSON/workspace/8-2-build-linux-i586/jdk8u111/7883/hotspot/src/share/vm/runtime/sharedRuntime.cpp, line 605]
Event: 9,801 Thread 0xb6907400 Exception <a 'java/lang/ArrayIndexOutOfBoundsException'> (0xa56ecbf8) thrown at [/HUDSON/workspace/8-2-build-linux-i586/jdk8u111/7883/hotspot/src/share/vm/runtime/sharedRuntime.cpp, line 605]

Events (10 events):
Event: 9,795 loading class java/awt/ActiveEvent done
Event: 9,795 loading class java/awt/event/InvocationEvent done
Event: 9,795 loading class sun/awt/PeerEvent done
Event: 9,795 loading class sun/awt/EventQueueItem
Event: 9,795 loading class sun/awt/EventQueueItem done
Event: 9,796 loading class java/util/EmptyStackException
Event: 9,799 loading class java/util/EmptyStackException done
Event: 9,799 loading class java/awt/EventFilter$FilterAction
Event: 9,799 loading class java/awt/EventFilter$FilterAction done
Event: 9,801 Executing VM operation: GenCollectForAllocation


Dynamic libraries:
08048000-08049000 r-xp 00000000 08:01 158386     /usr/lib/jvm/java-8-oracle/bin/java
08049000-0804a000 rw-p 00000000 08:01 158386     /usr/lib/jvm/java-8-oracle/bin/java
08abd000-08cb6000 rw-p 00000000 00:00 0          [heap]
a2300000-a23c0000 rw-p 00000000 00:00 0 
a23c0000-a2400000 ---p 00000000 00:00 0 
a2400000-a2500000 rw-p 00000000 00:00 0 
a2500000-a2552000 rw-p 00000000 00:00 0 
a2552000-a2600000 ---p 00000000 00:00 0 
a26a8000-a27a8000 rw-p 00000000 00:00 0 
a27a8000-a27c4000 r-xp 00000000 08:01 4637       /lib/i386-linux-gnu/libgcc_s.so.1
a27c4000-a27c5000 rw-p 0001b000 08:01 4637       /lib/i386-linux-gnu/libgcc_s.so.1
a27c5000-a27f8000 r-xp 00000000 08:01 158662     /usr/lib/jvm/java-8-oracle/jre/lib/i386/libsunec.so
a27f8000-a27fc000 rw-p 00032000 08:01 158662     /usr/lib/jvm/java-8-oracle/jre/lib/i386/libsunec.so
a27fc000-a2900000 rw-p 00000000 00:00 0 
a2900000-a2a00000 rw-p 00000000 00:00 0 
a2a00000-a2b00000 rw-p 00000000 00:00 0 
a2b10000-a2b1f000 r-xp 00000000 08:01 158639     /usr/lib/jvm/java-8-oracle/jre/lib/i386/libnio.so
a2b1f000-a2b20000 rw-p 0000e000 08:01 158639     /usr/lib/jvm/java-8-oracle/jre/lib/i386/libnio.so
a2b20000-a2b28000 r-xp 00000000 08:01 158624     /usr/lib/jvm/java-8-oracle/jre/lib/i386/libmanagement.so
a2b28000-a2b29000 rw-p 00007000 08:01 158624     /usr/lib/jvm/java-8-oracle/jre/lib/i386/libmanagement.so
a2b29000-a2cea000 rw-p 00000000 00:00 0 
a2cea000-a2cff000 r-xp 00000000 08:01 158685     /usr/lib/jvm/java-8-oracle/jre/lib/i386/libnet.so
a2cff000-a2d00000 rw-p 00015000 08:01 158685     /usr/lib/jvm/java-8-oracle/jre/lib/i386/libnet.so
a2d00000-a2df9000 rw-p 00000000 00:00 0 
a2df9000-a2e00000 ---p 00000000 00:00 0 
a2e00000-a2efd000 rw-p 00000000 00:00 0 
a2efd000-a2f00000 ---p 00000000 00:00 0 
a2f00000-a2fff000 rw-p 00000000 00:00 0 
a2fff000-a3000000 ---p 00000000 00:00 0 
a3000000-a30fc000 rw-p 00000000 00:00 0 
a30fc000-a3100000 ---p 00000000 00:00 0 
a3100000-a31fc000 rw-p 00000000 00:00 0 
a31fc000-a3200000 ---p 00000000 00:00 0 
a3207000-a3209000 r--s 00009000 08:01 158704     /usr/lib/jvm/java-8-oracle/jre/lib/ext/sunec.jar
a3209000-a320d000 r--s 0003a000 08:01 158708     /usr/lib/jvm/java-8-oracle/jre/lib/ext/sunpkcs11.jar
a320d000-a3210000 r--s 0001a000 08:01 158691     /usr/lib/jvm/java-8-oracle/jre/lib/jce.jar
a3210000-a3214000 r--s 00097000 08:01 158738     /usr/lib/jvm/java-8-oracle/jre/lib/jsse.jar
a3214000-a321e000 r--s 00116000 08:01 158707     /usr/lib/jvm/java-8-oracle/jre/lib/ext/localedata.jar
a321e000-a3221000 r--s 00006000 08:01 543221     /opt/glassfish4/glassfish/modules/javax.batch-api.jar
a3221000-a3223000 r--s 00002000 08:01 543351     /opt/glassfish4/glassfish/modules/javax.enterprise.concurrent-api.jar
a3223000-a3225000 r--s 00007000 08:01 543478     /opt/glassfish4/glassfish/modules/javax.websocket-api.jar
a3225000-a3229000 r--s 00018000 08:01 543480     /opt/glassfish4/glassfish/modules/javax.ws.rs-api.jar
a3229000-a322a000 r--s 00007000 08:01 543472     /opt/glassfish4/glassfish/modules/javax.servlet.jsp.jstl-api.jar
a322a000-a3253000 r--s 002cb000 08:01 543357     /opt/glassfish4/glassfish/modules/javax.faces.jar
a3253000-a3254000 r--s 00000000 08:01 539985     /opt/glassfish4/glassfish/lib/javaee.jar
a3254000-a3278000 r--s 00180000 08:01 580827     /opt/glassfish4/glassfish/modules/weld-osgi-bundle.jar
a3278000-a327a000 r--s 00003000 08:01 543494     /opt/glassfish4/glassfish/modules/jdbc-config.jar
a327a000-a327c000 r--s 00012000 08:01 575859     /opt/glassfish4/glassfish/modules/jdbc-runtime.jar
a327c000-a327f000 r--s 00017000 08:01 541578     /opt/glassfish4/glassfish/modules/entitybean-container.jar
a327f000-a3280000 r--s 00003000 08:01 17092      /opt/glassfish4/glassfish/lib/install/applications/jaxr-ra/jaxr-ra.jar
a3280000-a3284000 r--s 00031000 08:01 587601     /opt/glassfish4/javadb/lib/derbytools.jar
a3284000-a3287000 r--s 0003b000 08:01 587585     /opt/glassfish4/javadb/lib/derbynet.jar
a3287000-a328e000 r--s 00089000 08:01 587577     /opt/glassfish4/javadb/lib/derbyclient.jar
a328e000-a3291000 r--s 00017000 08:01 587564     /opt/glassfish4/javadb/lib/derbyLocale_zh_TW.jar
a3291000-a3293000 r--s 00017000 08:01 584806     /opt/glassfish4/javadb/lib/derbyLocale_zh_CN.jar
a3293000-a3296000 r--s 0001b000 08:01 584716     /opt/glassfish4/javadb/lib/derbyLocale_ru.jar
a3296000-a3298000 r--s 00014000 08:01 584632     /opt/glassfish4/javadb/lib/derbyLocale_pt_BR.jar
a3298000-a329a000 r--s 00015000 08:01 584485     /opt/glassfish4/javadb/lib/derbyLocale_pl.jar
a329a000-a329c000 r--s 00019000 08:01 584281     /opt/glassfish4/javadb/lib/derbyLocale_ko_KR.jar
a329c000-a329f000 r--s 0001a000 08:01 584280     /opt/glassfish4/javadb/lib/derbyLocale_ja_JP.jar
a329f000-a32a2000 r--s 00016000 08:01 584279     /opt/glassfish4/javadb/lib/derbyLocale_it.jar
a32a2000-a32a4000 r--s 00015000 08:01 584157     /opt/glassfish4/javadb/lib/derbyLocale_hu.jar
a32a4000-a32a6000 r--s 00018000 08:01 584121     /opt/glassfish4/javadb/lib/derbyLocale_fr.jar
a32a6000-a32a9000 r--s 00016000 08:01 584120     /opt/glassfish4/javadb/lib/derbyLocale_es.jar
a32a9000-a32ab000 r--s 00018000 08:01 581472     /opt/glassfish4/javadb/lib/derbyLocale_de_DE.jar
a32ab000-a32ad000 r--s 00015000 08:01 581312     /opt/glassfish4/javadb/lib/derbyLocale_cs.jar
a32ad000-a32d8000 r--s 0028b000 08:01 581227     /opt/glassfish4/javadb/lib/derby.jar
a32d8000-a32db000 r--s 00025000 08:01 17019      /opt/glassfish4/glassfish/lib/install/applications/__dm_jdbc_ra/__dm_jdbc_ra.jar
a32db000-a32de000 r--s 00025000 08:01 17059      /opt/glassfish4/glassfish/lib/install/applications/__xa_jdbc_ra/__xa_jdbc_ra.jar
a32de000-a32e1000 r--s 00025000 08:01 16949      /opt/glassfish4/glassfish/lib/install/applications/__cp_jdbc_ra/__cp_jdbc_ra.jar
a32e1000-a3300000 r--s 002e9000 08:01 17096      /opt/glassfish4/glassfish/lib/install/applications/jmsra/imqbroker.jar
a3300000-a3400000 rw-p 00000000 00:00 0 
a3400000-a3401000 r--s 00001000 08:01 587593     /opt/glassfish4/javadb/lib/derbyrun.jar
a3401000-a3404000 r--s 00025000 08:01 17045      /opt/glassfish4/glassfish/lib/install/applications/__ds_jdbc_ra/__ds_jdbc_ra.jar
a3404000-a3406000 r--s 00017000 08:01 17095      /opt/glassfish4/glassfish/lib/install/applications/jmsra/fscontext.jar
a3406000-a340b000 r--s 0003d000 08:01 17097      /opt/glassfish4/glassfish/lib/install/applications/jmsra/imqjmsbridge.jar
a340b000-a340f000 r--s 00021000 08:01 17100      /opt/glassfish4/glassfish/lib/install/applications/jmsra/imqstomp.jar
a340f000-a3411000 r--s 0000d000 08:01 17099      /opt/glassfish4/glassfish/lib/install/applications/jmsra/imqjmx.jar
a3411000-a3428000 r--s 001c0000 08:01 17098      /opt/glassfish4/glassfish/lib/install/applications/jmsra/imqjmsra.jar
a3428000-a342a000 r--s 00017000 08:01 587665     /opt/glassfish4/mq/lib/fscontext.jar
a342a000-a3434000 r--s 00080000 08:01 588344     /opt/glassfish4/mq/lib/jhall.jar
a3434000-a3436000 r--s 0000d000 08:01 588304     /opt/glassfish4/mq/lib/imqjmx.jar
a3436000-a343c000 r--s 00069000 08:01 588320     /opt/glassfish4/mq/lib/imqutil.jar
a343c000-a3442000 r--s 00078000 08:01 588272     /opt/glassfish4/mq/lib/imqadmin.jar
a3442000-a3444000 r--s 00005000 08:01 588340     /opt/glassfish4/mq/lib/jaxm-api.jar
a3444000-a3445000 r--s 00008000 08:01 588324     /opt/glassfish4/mq/lib/imqxm.jar
a3445000-a3448000 r--s 0000d000 08:01 588348     /opt/glassfish4/mq/lib/jms.jar
a3448000-a3452000 r--s 000a3000 08:01 588268     /opt/glassfish4/mq/lib/imq.jar
a3452000-a3454000 r--s 00007000 08:01 576139     /opt/glassfish4/glassfish/modules/resources-runtime.jar
a3454000-a3456000 r--s 00006000 08:01 538710     /opt/glassfish4/glassfish/lib/appclient/weld-se-core.jar
a3456000-a3459000 r--s 00010000 08:01 541576     /opt/glassfish4/glassfish/modules/endorsed/webservices-api-osgi.jar
a3459000-a345c000 r--s 00016000 08:01 541574     /opt/glassfish4/glassfish/modules/endorsed/jaxb-api.jar
a345c000-a345e000 r--s 00005000 08:01 541572     /opt/glassfish4/glassfish/modules/endorsed/javax.annotation-api.jar
a345e000-a3462000 r--s 0000e000 08:01 540463     /opt/glassfish4/glassfish/modules/cdi-api.jar
a3462000-a3464000 r--s 0000c000 08:01 543490     /opt/glassfish4/glassfish/modules/jboss-logging.jar
a3464000-a3488000 r--s 001a4000 08:01 543196     /opt/glassfish4/glassfish/modules/guava.jar
a3488000-a348b000 r--s 00012000 08:01 543365     /opt/glassfish4/glassfish/modules/javax.json.jar
a348b000-a348c000 r--s 00004000 08:01 543219     /opt/glassfish4/glassfish/modules/javamail-runtime.jar
a348c000-a348e000 r--s 00001000 08:01 540438     /opt/glassfish4/glassfish/modules/appclient-connector.jar
a348e000-a3490000 r--s 0001f000 08:01 543482     /opt/glassfish4/glassfish/modules/javax.xml.registry-api.jar
a3490000-a3496000 r--s 00049000 08:01 576115     /opt/glassfish4/glassfish/modules/org.eclipse.persistence.asm.jar
a3496000-a349b000 r--s 0002a000 08:01 576114     /opt/glassfish4/glassfish/modules/org.eclipse.persistence.antlr.jar
a349b000-a34a2000 r--s 0004f000 08:01 576117     /opt/glassfish4/glassfish/modules/org.eclipse.persistence.dbws.jar
a34a2000-a34bf000 r--s 0013c000 08:01 576119     /opt/glassfish4/glassfish/modules/org.eclipse.persistence.jpa.jpql.jar
a34bf000-a3500000 r--s 004d8000 08:01 576116     /opt/glassfish4/glassfish/modules/org.eclipse.persistence.core.jar
a3500000-a35fe000 rw-p 00000000 00:00 0 
a35fe000-a3600000 ---p 00000000 00:00 0 
a3600000-a3602000 r--s 00004000 08:01 540571     /opt/glassfish4/glassfish/modules/cmp-internal-api.jar
a3602000-a3604000 r--s 00009000 08:01 576089     /opt/glassfish4/glassfish/modules/jpa-container.jar
a3604000-a3606000 r--s 00014000 08:01 576122     /opt/glassfish4/glassfish/modules/org.eclipse.persistence.oracle.jar
a3606000-a360f000 r--s 00093000 08:01 576121     /opt/glassfish4/glassfish/modules/org.eclipse.persistence.moxy.jar
a360f000-a3611000 r--s 0000b000 08:01 576120     /opt/glassfish4/glassfish/modules/org.eclipse.persistence.jpa.modelgen.processor.jar
a3611000-a3628000 r--s 00148000 08:01 576118     /opt/glassfish4/glassfish/modules/org.eclipse.persistence.jpa.jar
a3628000-a362b000 r--s 0000d000 08:01 543363     /opt/glassfish4/glassfish/modules/javax.jms-api.jar
a362b000-a362c000 r--s 00003000 08:01 541592     /opt/glassfish4/glassfish/modules/gf-jms-connector.jar
a362c000-a362e000 r--s 00014000 08:01 576087     /opt/glassfish4/glassfish/modules/jms-core.jar
a362e000-a3630000 r--s 0000f000 08:01 576096     /opt/glassfish4/glassfish/modules/jta.jar
a3630000-a3636000 r--s 00058000 08:01 576097     /opt/glassfish4/glassfish/modules/jts.jar
a3636000-a3638000 r--s 0000f000 08:01 580348     /opt/glassfish4/glassfish/modules/webservices-connector.jar
a3638000-a363a000 r--s 00005000 08:01 543218     /opt/glassfish4/glassfish/modules/javamail-connector.jar
a363a000-a363c000 r--s 00001000 08:01 541588     /opt/glassfish4/glassfish/modules/gf-connectors-connector.jar
a363c000-a3700000 r--s 00ba9000 08:01 580449     /opt/glassfish4/glassfish/modules/webservices-osgi.jar
a3700000-a37fb000 rw-p 00000000 00:00 0 
a37fb000-a3800000 ---p 00000000 00:00 0 
a3800000-a3808000 r--s 00078000 08:01 541012     /opt/glassfish4/glassfish/modules/connectors-runtime.jar
a3808000-a380a000 r--s 00006000 08:01 541010     /opt/glassfish4/glassfish/modules/connectors-inbound-runtime.jar
a380a000-a380b000 r--s 0000a000 08:01 580829     /opt/glassfish4/glassfish/modules/work-management.jar
a380b000-a380f000 r--s 00039000 08:01 576094     /opt/glassfish4/glassfish/modules/jsr109-impl.jar
a380f000-a3823000 r--s 000dd000 08:01 543486     /opt/glassfish4/glassfish/modules/jaxb-extra-osgi.jar
a3823000-a3864000 r--s 00360000 08:01 543488     /opt/glassfish4/glassfish/modules/jaxb-osgi.jar
a3864000-a3866000 r--s 0000e000 08:01 576106     /opt/glassfish4/glassfish/modules/mimepull.jar
a3866000-a386a000 r--s 00028000 08:01 576258     /opt/glassfish4/glassfish/modules/stax2-api.jar
a386a000-a3870000 r--s 0006e000 08:01 580828     /opt/glassfish4/glassfish/modules/woodstox-core-asl.jar
a3870000-a3871000 r--s 00000000 08:01 580396     /opt/glassfish4/glassfish/modules/webservices-extra-jdk-packages.jar
a3871000-a3874000 r--s 00009000 08:01 543484     /opt/glassfish4/glassfish/modules/javax.xml.rpc-api.jar
a3874000-a3876000 r--s 00004000 08:01 580038     /opt/glassfish4/glassfish/modules/web-sse.jar
a3876000-a3878000 r--s 00006000 08:01 576986     /opt/glassfish4/glassfish/modules/web-embed-api.jar
a3878000-a387a000 r--s 0000b000 08:01 580059     /opt/glassfish4/glassfish/modules/websecurity.jar
a387a000-a387c000 r--s 00008000 08:01 576991     /opt/glassfish4/glassfish/modules/web-gui-plugin-common.jar
a387c000-a387e000 r--s 00001000 08:01 539990     /opt/glassfish4/glassfish/modules/admin-core.jar
a387e000-a3884000 r--s 0007e000 08:01 543470     /opt/glassfish4/glassfish/modules/javax.servlet.jsp.jar
a3884000-a3891000 r--s 00106000 08:01 576972     /opt/glassfish4/glassfish/modules/web-core.jar
a3891000-a3894000 r--s 00019000 08:01 576996     /opt/glassfish4/glassfish/modules/web-naming.jar
a3894000-a3896000 r--s 00006000 08:01 542736     /opt/glassfish4/glassfish/modules/gf-web-connector.jar
a3896000-a389b000 r--s 00032000 08:01 543223     /opt/glassfish4/glassfish/modules/javax.el.jar
a389b000-a389d000 r--s 0000b000 08:01 543468     /opt/glassfish4/glassfish/modules/javax.servlet.jsp-api.jar
a389d000-a389f000 r--s 00018000 08:01 576969     /opt/glassfish4/glassfish/modules/war-util.jar
a389f000-a38a5000 r--s 00036000 08:01 576088     /opt/glassfish4/glassfish/modules/jmxremote_optional-repackaged.jar
a38a5000-a38a8000 r--s 0000f000 08:01 542767     /opt/glassfish4/glassfish/modules/glassfish-mbeanserver.jar
a38a8000-a38b0000 r--s 00064000 08:01 539992     /opt/glassfish4/glassfish/modules/amx-core.jar
a38b0000-a38b2000 r--s 00006000 08:01 543369     /opt/glassfish4/glassfish/modules/javax.management.j2ee-api.jar
a38b2000-a38b6000 r--s 00011000 08:01 539993     /opt/glassfish4/glassfish/modules/amx-javaee.jar
a38b6000-a38ba000 r--s 0002a000 08:01 576971     /opt/glassfish4/glassfish/modules/web-cli.jar
a38ba000-a38c4000 r--s 00094000 08:01 576987     /opt/glassfish4/glassfish/modules/web-glue.jar
a38c4000-a38c6000 r--s 00012000 08:01 580822     /opt/glassfish4/glassfish/modules/webservices.security.jar
a38c6000-a38c8000 r--s 00006000 08:01 539988     /opt/glassfish4/glassfish/modules/acc-config.jar
a38c8000-a38cb000 r--s 00013000 08:01 576112     /opt/glassfish4/glassfish/modules/orb-iiop.jar
a38cb000-a38e7000 r--s 00161000 08:01 542759     /opt/glassfish4/glassfish/modules/glassfish-corba-orb.jar
a38e7000-a38eb000 r--s 00019000 08:01 542753     /opt/glassfish4/glassfish/modules/glassfish-corba-csiv2-idl.jar
a38eb000-a3900000 r--s 000af000 08:01 542757     /opt/glassfish4/glassfish/modules/glassfish-corba-omgapi.jar
a3900000-a39fc000 rw-p 00000000 00:00 0 
a39fc000-a3a00000 ---p 00000000 00:00 0 
a3a00000-a3b00000 rw-p 00000000 00:00 0 
a3b00000-a3bfc000 rw-p 00000000 00:00 0 
a3bfc000-a3c00000 ---p 00000000 00:00 0 
a3c00000-a3c02000 r--s 00015000 08:01 541570     /opt/glassfish4/glassfish/modules/ejb.security.jar
a3c02000-a3c04000 r--s 00003000 08:01 540440     /opt/glassfish4/glassfish/modules/appclient.security.jar
a3c04000-a3c07000 r--s 00008000 08:01 576148     /opt/glassfish4/glassfish/modules/shoal-gms-api.jar
a3c07000-a3c09000 r--s 00005000 08:01 543195     /opt/glassfish4/glassfish/modules/gms-bootstrap.jar
a3c09000-a3c0b000 r--s 00005000 08:01 542755     /opt/glassfish4/glassfish/modules/glassfish-corba-internal-api.jar
a3c0b000-a3c0d000 r--s 00002000 08:01 576111     /opt/glassfish4/glassfish/modules/orb-enabler.jar
a3c0d000-a3c10000 r--s 0000c000 08:01 576110     /opt/glassfish4/glassfish/modules/orb-connector.jar
a3c10000-a3c11000 r--s 00004000 08:01 541590     /opt/glassfish4/glassfish/modules/gf-ejb-connector.jar
a3c11000-a3c13000 r--s 00005000 08:01 576128     /opt/glassfish4/glassfish/modules/persistence-common.jar
a3c13000-a3c15000 r--s 00007000 08:01 543197     /opt/glassfish4/glassfish/modules/ha-api.jar
a3c15000-a3c1e000 r--s 00084000 08:01 543367     /opt/glassfish4/glassfish/modules/javax.mail.jar
a3c1e000-a3c20000 r--s 00012000 08:01 542769     /opt/glassfish4/glassfish/modules/glassfish-naming.jar
a3c20000-a3c26000 r--s 00027000 08:01 541028     /opt/glassfish4/glassfish/modules/container-common.jar
a3c26000-a3c28000 r--s 00006000 08:01 541035     /opt/glassfish4/glassfish/modules/deployment-javaee-core.jar
a3c28000-a3c2c000 r--s 00010000 08:01 576248     /opt/glassfish4/glassfish/modules/stats77.jar
a3c2c000-a3c2f000 r--s 00016000 08:01 576107     /opt/glassfish4/glassfish/modules/monitoring-core.jar
a3c2f000-a3c31000 r--s 00000000 08:01 540437     /opt/glassfish4/glassfish/modules/api-exporter.jar
a3c31000-a3c35000 r--s 00028000 08:01 576103     /opt/glassfish4/glassfish/modules/logging.jar
a3c35000-a3c36000 r--s 00002000 08:01 576150     /opt/glassfish4/glassfish/modules/simple-glassfish-api.jar
a3c36000-a3c39000 r--s 0001d000 08:01 542775     /opt/glassfish4/glassfish/modules/glassfish.jar
a3c39000-a3c3d000 r--s 0001f000 08:01 541582     /opt/glassfish4/glassfish/modules/flashlight-framework.jar
a3c3d000-a3c48000 r--s 000a8000 08:01 576098     /opt/glassfish4/glassfish/modules/kernel.jar
a3c48000-a3c4c000 r--s 000d1000 08:01 576101     /opt/glassfish4/glassfish/modules/libpam4j-repackaged.jar
a3c4c000-a3c4d000 r--s 00005000 08:01 543361     /opt/glassfish4/glassfish/modules/javax.interceptor-api.jar
a3c4d000-a3c50000 r--s 0000d000 08:01 576109     /opt/glassfish4/glassfish/modules/nucleus-resources.jar
a3c50000-a3c53000 r--s 00018000 08:01 576138     /opt/glassfish4/glassfish/modules/resources-connector.jar
a3c53000-a3c56000 r--s 00007000 08:01 543211     /opt/glassfish4/glassfish/modules/jackson-annotations.jar
a3c56000-a3c68000 r--s 000fd000 08:01 543213     /opt/glassfish4/glassfish/modules/jackson-databind.jar
a3c68000-a3c6b000 r--s 00034000 08:01 543212     /opt/glassfish4/glassfish/modules/jackson-core.jar
a3c6b000-a3c6c000 r--s 00006000 08:01 543214     /opt/glassfish4/glassfish/modules/jackson-jaxrs-base.jar
a3c6c000-a3c71000 r--s 00020000 08:01 576145     /opt/glassfish4/glassfish/modules/security-services.jar
a3c71000-a3c77000 r--s 0004d000 08:01 539991     /opt/glassfish4/glassfish/modules/admin-util.jar
a3c77000-a3c79000 r--s 00004000 08:01 576353     /opt/glassfish4/glassfish/modules/transaction-internal-api.jar
a3c79000-a3c7d000 r--s 00015000 08:01 541011     /opt/glassfish4/glassfish/modules/connectors-internal-api.jar
a3c7d000-a3c7f000 r--s 00001000 08:01 541565     /opt/glassfish4/glassfish/modules/ejb-internal-api.jar
a3c7f000-a3c81000 r--s 0000d000 08:01 543216     /opt/glassfish4/glassfish/modules/jaspic.provider.framework.jar
a3c81000-a3c82000 r--s 0000c000 08:01 543377     /opt/glassfish4/glassfish/modules/javax.security.jacc-api.jar
a3c82000-a3c84000 r--s 0000b000 08:01 543375     /opt/glassfish4/glassfish/modules/javax.security.auth.message-api.jar
a3c84000-a3c86000 r--s 00008000 08:01 539994     /opt/glassfish4/glassfish/modules/annotation-framework.jar
a3c86000-a3c8a000 r--s 0000e000 08:01 543373     /opt/glassfish4/glassfish/modules/javax.resource-api.jar
a3c8a000-a3c90000 r--s 00022000 08:01 543371     /opt/glassfish4/glassfish/modules/javax.persistence.jar
a3c90000-a3c93000 r--s 0000a000 08:01 543355     /opt/glassfish4/glassfish/modules/javax.enterprise.deploy-api.jar
a3c93000-a3ca1000 r--s 000aa000 08:01 541037     /opt/glassfish4/glassfish/modules/dol.jar
a3ca1000-a3ca4000 r--s 00015000 08:01 543466     /opt/glassfish4/glassfish/modules/javax.servlet-api.jar
a3ca4000-a3ca5000 r--s 00002000 08:01 542761     /opt/glassfish4/glassfish/modules/glassfish-ee-api.jar
a3ca5000-a3ca7000 r--s 0000b000 08:01 576100     /opt/glassfish4/glassfish/modules/ldapbp-repackaged.jar
a3ca7000-a3cac000 r--s 00046000 08:01 540442     /opt/glassfish4/glassfish/modules/asm-all.jar
a3cac000-a3cae000 r--s 0000a000 08:01 576133     /opt/glassfish4/glassfish/modules/pfl-tf-tools.jar
a3cae000-a3cb1000 r--s 0000f000 08:01 576130     /opt/glassfish4/glassfish/modules/pfl-basic-tools.jar
a3cb1000-a3cb9000 r--s 0004b000 08:01 576132     /opt/glassfish4/glassfish/modules/pfl-dynamic.jar
a3cb9000-a3cbf000 r--s 0004f000 08:01 576129     /opt/glassfish4/glassfish/modules/pfl-asm.jar
a3cbf000-a3cc5000 r--s 00027000 08:01 576131     /opt/glassfish4/glassfish/modules/pfl-basic.jar
a3cc5000-a3cca000 r--s 0002c000 08:01 542777     /opt/glassfish4/glassfish/modules/gmbal.jar
a3cca000-a3cce000 r--s 00028000 08:01 541034     /opt/glassfish4/glassfish/modules/deployment-common.jar
a3cce000-a3cdb000 r--s 0007e000 08:01 540591     /opt/glassfish4/glassfish/modules/config-api.jar
a3cdb000-a3ce4000 r--s 0006e000 08:01 576146     /opt/glassfish4/glassfish/modules/security.jar
a3ce4000-a3d00000 r--s 0016d000 08:01 576108     /opt/glassfish4/glassfish/modules/nucleus-grizzly-all.jar
a3d00000-a3dfc000 rw-p 00000000 00:00 0 
a3dfc000-a3e00000 ---p 00000000 00:00 0 
a3e00000-a3e03000 r--s 00014000 08:01 576134     /opt/glassfish4/glassfish/modules/pfl-tf.jar
a3e03000-a3e07000 r--s 0001d000 08:01 543209     /opt/glassfish4/glassfish/modules/internal-api.jar
a3e07000-a3e0e000 r--s 0004c000 08:01 576144     /opt/glassfish4/glassfish/modules/security-ee.jar
a3e0e000-a3e0f000 ---p 00000000 00:00 0 
a3e0f000-a3e8f000 rw-p 00000000 00:00 0 
a3e8f000-a3e92000 ---p 00000000 00:00 0 
a3e92000-a3ee0000 rw-p 00000000 00:00 0 
a3ee0000-a3ee3000 ---p 00000000 00:00 0 
a3ee3000-a3f61000 rw-p 00000000 00:00 0 
a3f61000-a3f64000 ---p 00000000 00:00 0 
a3f64000-a3fb2000 rw-p 00000000 00:00 0 
a3fb2000-a4000000 r--p 00295000 08:01 17580      /usr/lib/locale/locale-archive
a4000000-a4200000 r--p 00000000 08:01 17580      /usr/lib/locale/locale-archive
a4200000-a42a4000 rw-p 00000000 00:00 0 
a42a4000-a4300000 ---p 00000000 00:00 0 
a4300000-a4301000 r--s 00005000 08:01 576241     /opt/glassfish4/glassfish/modules/ssl-impl.jar
a4301000-a4302000 r--s 00002000 08:01 541553     /opt/glassfish4/glassfish/modules/ejb-client.jar
a4302000-a4304000 r--s 00006000 08:01 543476     /opt/glassfish4/glassfish/modules/javax.transaction-api.jar
a4304000-a4307000 r--s 0000d000 08:01 543222     /opt/glassfish4/glassfish/modules/javax.ejb-api.jar
a4307000-a4314000 r--s 000d4000 08:01 541557     /opt/glassfish4/glassfish/modules/ejb-container.jar
a4314000-a4316000 r--s 00010000 08:01 541561     /opt/glassfish4/glassfish/modules/ejb-full-container.jar
a4316000-a4318000 r--s 00009000 08:01 576104     /opt/glassfish4/glassfish/modules/management-api.jar
a4318000-a431e000 r--s 00059000 08:01 540441     /opt/glassfish4/glassfish/modules/asm-all-repackaged.jar
a431e000-a4322000 r--s 00012000 08:01 540464     /opt/glassfish4/glassfish/modules/class-model.jar
a4322000-a4336000 r--s 000ae000 08:01 540461     /opt/glassfish4/glassfish/modules/bean-validator.jar
a4336000-a433b000 r--s 0002d000 08:01 543202     /opt/glassfish4/glassfish/modules/hk2-config.jar
a433b000-a433e000 ---p 00000000 00:00 0 
a433e000-a438c000 rw-p 00000000 00:00 0 
a438c000-a438f000 ---p 00000000 00:00 0 
a438f000-a43dd000 rw-p 00000000 00:00 0 
a43dd000-a43de000 ---p 00000000 00:00 0 
a43de000-a44ad000 rw-p 00000000 00:00 0 
a44ad000-a4685000 r--s 03d2a000 08:01 158734     /usr/lib/jvm/java-8-oracle/jre/lib/rt.jar
a4685000-a4b26000 rw-p 00000000 00:00 0 
a4b26000-a4b2c000 ---p 00000000 00:00 0 
a4b2c000-a4b3a000 rw-p 00000000 00:00 0 
a4b3a000-a4b81000 ---p 00000000 00:00 0 
a4b81000-a4b88000 rw-p 00000000 00:00 0 
a4b88000-a4bab000 ---p 00000000 00:00 0 
a4bab000-a4bb9000 rw-p 00000000 00:00 0 
a4bb9000-a4bff000 ---p 00000000 00:00 0 
a4bff000-a5990000 rw-p 00000000 00:00 0 
a5990000-aa000000 ---p 00000000 00:00 0 
aa000000-abb6c000 rw-p 00000000 00:00 0 
accab000-acdb4000 rw-p 00000000 00:00 0 
acdb4000-b4800000 ---p 00000000 00:00 0 
b4800000-b4803000 r--s 0000b000 08:01 543205     /opt/glassfish4/glassfish/modules/hk2-runlevel.jar
b4803000-b4805000 r--s 00001000 08:01 541008     /opt/glassfish4/glassfish/modules/config-types.jar
b4805000-b4807000 r--s 00002000 08:01 576142     /opt/glassfish4/glassfish/modules/scattered-archive-api.jar
b4807000-b480f000 r--s 00027000 08:01 542744     /opt/glassfish4/glassfish/modules/glassfish-api.jar
b480f000-b481a000 r--s 00072000 08:01 540585     /opt/glassfish4/glassfish/modules/common-util.jar
b481a000-b481d000 r--s 00016000 08:01 543206     /opt/glassfish4/glassfish/modules/hk2-utils.jar
b481d000-b4826000 r--s 000a1000 08:01 543220     /opt/glassfish4/glassfish/modules/javassist.jar
b4826000-b482b000 r--s 00025000 08:01 543201     /opt/glassfish4/glassfish/modules/hk2-api.jar
b482b000-b4832000 rw-p 00000000 00:00 0 
b4832000-b48ab000 ---p 00000000 00:00 0 
b48ab000-b4a5b000 rwxp 00000000 00:00 0 
b4a5b000-b68ab000 ---p 00000000 00:00 0 
b68ab000-b68c4000 r-xp 00000000 08:01 158687     /usr/lib/jvm/java-8-oracle/jre/lib/i386/libzip.so
b68c4000-b68c5000 rw-p 00019000 08:01 158687     /usr/lib/jvm/java-8-oracle/jre/lib/i386/libzip.so
b68c5000-b68d0000 r-xp 00000000 08:01 4696       /lib/i386-linux-gnu/libnss_files-2.23.so
b68d0000-b68d1000 r--p 0000a000 08:01 4696       /lib/i386-linux-gnu/libnss_files-2.23.so
b68d1000-b68d2000 rw-p 0000b000 08:01 4696       /lib/i386-linux-gnu/libnss_files-2.23.so
b68d2000-b68d8000 rw-p 00000000 00:00 0 
b68d8000-b68e3000 r-xp 00000000 08:01 4706       /lib/i386-linux-gnu/libnss_nis-2.23.so
b68e3000-b68e4000 r--p 0000a000 08:01 4706       /lib/i386-linux-gnu/libnss_nis-2.23.so
b68e4000-b68e5000 rw-p 0000b000 08:01 4706       /lib/i386-linux-gnu/libnss_nis-2.23.so
b68e5000-b68fc000 r-xp 00000000 08:01 4690       /lib/i386-linux-gnu/libnsl-2.23.so
b68fc000-b68fd000 r--p 00016000 08:01 4690       /lib/i386-linux-gnu/libnsl-2.23.so
b68fd000-b68fe000 rw-p 00017000 08:01 4690       /lib/i386-linux-gnu/libnsl-2.23.so
b68fe000-b6900000 rw-p 00000000 00:00 0 
b6900000-b69fa000 rw-p 00000000 00:00 0 
b69fa000-b6a00000 ---p 00000000 00:00 0 
b6a00000-b6a02000 r--s 00002000 08:01 539997     /opt/glassfish4/glassfish/modules/aopalliance-repackaged.jar
b6a02000-b6a05000 r--s 00028000 08:01 543204     /opt/glassfish4/glassfish/modules/hk2-locator.jar
b6a05000-b6a09000 r--s 00019000 08:01 543203     /opt/glassfish4/glassfish/modules/hk2-core.jar
b6a09000-b6a11000 r-xp 00000000 08:01 4692       /lib/i386-linux-gnu/libnss_compat-2.23.so
b6a11000-b6a12000 r--p 00007000 08:01 4692       /lib/i386-linux-gnu/libnss_compat-2.23.so
b6a12000-b6a13000 rw-p 00008000 08:01 4692       /lib/i386-linux-gnu/libnss_compat-2.23.so
b6a13000-b6a1f000 r--s 00196000 08:01 541586     /opt/glassfish4/glassfish/modules/gf-client-module.jar
b6a1f000-b6a27000 rw-s 00000000 08:01 4636       /tmp/hsperfdata_victor/3420
b6a27000-b6a4b000 r-xp 00000000 08:01 158682     /usr/lib/jvm/java-8-oracle/jre/lib/i386/libjava.so
b6a4b000-b6a4c000 rw-p 00024000 08:01 158682     /usr/lib/jvm/java-8-oracle/jre/lib/i386/libjava.so
b6a4c000-b6a53000 r-xp 00000000 08:01 4751       /lib/i386-linux-gnu/librt-2.23.so
b6a53000-b6a54000 r--p 00006000 08:01 4751       /lib/i386-linux-gnu/librt-2.23.so
b6a54000-b6a55000 rw-p 00007000 08:01 4751       /lib/i386-linux-gnu/librt-2.23.so
b6a55000-b6a58000 ---p 00000000 00:00 0 
b6a58000-b6aa6000 rw-p 00000000 00:00 0 
b6aa6000-b6af9000 r-xp 00000000 08:01 4669       /lib/i386-linux-gnu/libm-2.23.so
b6af9000-b6afa000 r--p 00052000 08:01 4669       /lib/i386-linux-gnu/libm-2.23.so
b6afa000-b6afb000 rw-p 00053000 08:01 4669       /lib/i386-linux-gnu/libm-2.23.so
b6afb000-b7152000 r-xp 00000000 08:01 158655     /usr/lib/jvm/java-8-oracle/jre/lib/i386/client/libjvm.so
b7152000-b7178000 rw-p 00656000 08:01 158655     /usr/lib/jvm/java-8-oracle/jre/lib/i386/client/libjvm.so
b7178000-b759f000 rw-p 00000000 00:00 0 
b759f000-b774e000 r-xp 00000000 08:01 4599       /lib/i386-linux-gnu/libc-2.23.so
b774e000-b774f000 ---p 001af000 08:01 4599       /lib/i386-linux-gnu/libc-2.23.so
b774f000-b7751000 r--p 001af000 08:01 4599       /lib/i386-linux-gnu/libc-2.23.so
b7751000-b7752000 rw-p 001b1000 08:01 4599       /lib/i386-linux-gnu/libc-2.23.so
b7752000-b7755000 rw-p 00000000 00:00 0 
b7755000-b7758000 r-xp 00000000 08:01 4623       /lib/i386-linux-gnu/libdl-2.23.so
b7758000-b7759000 r--p 00002000 08:01 4623       /lib/i386-linux-gnu/libdl-2.23.so
b7759000-b775a000 rw-p 00003000 08:01 4623       /lib/i386-linux-gnu/libdl-2.23.so
b775a000-b776e000 r-xp 00000000 08:01 20500      /usr/lib/jvm/java-8-oracle/lib/i386/jli/libjli.so
b776e000-b776f000 rw-p 00014000 08:01 20500      /usr/lib/jvm/java-8-oracle/lib/i386/jli/libjli.so
b776f000-b7788000 r-xp 00000000 08:01 4743       /lib/i386-linux-gnu/libpthread-2.23.so
b7788000-b7789000 r--p 00018000 08:01 4743       /lib/i386-linux-gnu/libpthread-2.23.so
b7789000-b778a000 rw-p 00019000 08:01 4743       /lib/i386-linux-gnu/libpthread-2.23.so
b778a000-b778c000 rw-p 00000000 00:00 0 
b778c000-b778d000 r--s 00000000 08:01 543207     /opt/glassfish4/glassfish/modules/hk2.jar
b778d000-b778e000 r--s 00001000 08:01 543359     /opt/glassfish4/glassfish/modules/javax.inject.jar
b778e000-b778f000 r--s 00005000 08:01 539984     /opt/glassfish4/glassfish/lib/gf-client.jar
b778f000-b7790000 r--s 00000000 08:01 538915     /opt/glassfish4/glassfish/lib/appserv-rt.jar
b7790000-b7791000 r--p 007aa000 08:01 17580      /usr/lib/locale/locale-archive
b7791000-b7792000 r--p 002e4000 08:01 17580      /usr/lib/locale/locale-archive
b7792000-b7793000 rw-p 00000000 00:00 0 
b7793000-b7794000 ---p 00000000 00:00 0 
b7794000-b779f000 r-xp 00000000 08:01 158631     /usr/lib/jvm/java-8-oracle/jre/lib/i386/libverify.so
b779f000-b77a0000 rw-p 0000b000 08:01 158631     /usr/lib/jvm/java-8-oracle/jre/lib/i386/libverify.so
b77a0000-b77a2000 rw-p 00000000 00:00 0 
b77a2000-b77a4000 r--p 00000000 00:00 0          [vvar]
b77a4000-b77a5000 r-xp 00000000 00:00 0          [vdso]
b77a5000-b77c7000 r-xp 00000000 08:01 4571       /lib/i386-linux-gnu/ld-2.23.so
b77c7000-b77c8000 rw-p 00000000 00:00 0 
b77c8000-b77c9000 r--p 00022000 08:01 4571       /lib/i386-linux-gnu/ld-2.23.so
b77c9000-b77ca000 rw-p 00023000 08:01 4571       /lib/i386-linux-gnu/ld-2.23.so
bfcd7000-bfcd8000 rwxp 00000000 00:00 0 
bfd0a000-bfd2b000 rw-p 00000000 00:00 0          [stack]

VM Arguments:
jvm_args: -Dfile.encoding=UTF-8 
java_command: tp.client.pd1617.TpClientPd1617
java_class_path (initial): /home/victor/NetBeansProjects/tp-jcl-pd1617/build/classes:/opt/glassfish4/glassfish/lib/appserv-rt.jar:/opt/glassfish4/glassfish/lib/gf-client.jar:/opt/glassfish4/glassfish/lib/javaee.jar:/home/victor/NetBeansProjects/tp-client-pd1617/build/classes
Launcher Type: SUN_STANDARD

Environment Variables:
JAVA_HOME=/usr/lib/jvm/java-8-oracle
PATH=/home/victor/bin:/home/victor/.local/bin:/usr/local/sbin:/usr/local/bin:/usr/sbin:/usr/bin:/sbin:/bin:/usr/games:/usr/local/games:/snap/bin:/usr/lib/jvm/java-8-oracle/bin:/usr/lib/jvm/java-8-oracle/db/bin:/usr/lib/jvm/java-8-oracle/jre/bin
LD_LIBRARY_PATH=/usr/lib/jvm/java-8-oracle/jre/lib/amd64:/usr/lib/jvm/java-8-oracle/jre/lib/i386:
SHELL=/bin/bash
DISPLAY=:0.0

Signal Handlers:
SIGSEGV: [libjvm.so+0x5bce30], sa_mask[0]=11111111011111111101111111111110, sa_flags=SA_RESTART|SA_SIGINFO
SIGBUS: [libjvm.so+0x5bce30], sa_mask[0]=11111111011111111101111111111110, sa_flags=SA_RESTART|SA_SIGINFO
SIGFPE: [libjvm.so+0x49bf50], sa_mask[0]=11111111011111111101111111111110, sa_flags=SA_RESTART|SA_SIGINFO
SIGPIPE: [libjvm.so+0x49bf50], sa_mask[0]=11111111011111111101111111111110, sa_flags=SA_RESTART|SA_SIGINFO
SIGXFSZ: [libjvm.so+0x49bf50], sa_mask[0]=11111111011111111101111111111110, sa_flags=SA_RESTART|SA_SIGINFO
SIGILL: [libjvm.so+0x49bf50], sa_mask[0]=11111111011111111101111111111110, sa_flags=SA_RESTART|SA_SIGINFO
SIGUSR1: SIG_DFL, sa_mask[0]=00000000000000000000000000000000, sa_flags=none
SIGUSR2: [libjvm.so+0x49d5d0], sa_mask[0]=00100000000000000000000000000000, sa_flags=SA_RESTART|SA_SIGINFO
SIGHUP: [libjvm.so+0x49ea80], sa_mask[0]=11111111011111111101111111111110, sa_flags=SA_RESTART|SA_SIGINFO
SIGINT: SIG_IGN, sa_mask[0]=00000000000000000000000000000000, sa_flags=none
SIGTERM: [libjvm.so+0x49ea80], sa_mask[0]=11111111011111111101111111111110, sa_flags=SA_RESTART|SA_SIGINFO
SIGQUIT: [libjvm.so+0x49ea80], sa_mask[0]=11111111011111111101111111111110, sa_flags=SA_RESTART|SA_SIGINFO


---------------  S Y S T E M  ---------------

OS:DISTRIB_ID=Ubuntu
DISTRIB_RELEASE=16.04
DISTRIB_CODENAME=xenial
DISTRIB_DESCRIPTION="Ubuntu 16.04.1 LTS"

uname:Linux 4.4.0-57-generic #78-Ubuntu SMP Fri Dec 9 23:46:51 UTC 2016 i686
libc:glibc 2.23 NPTL 2.23 
rlimit: STACK 8192k, CORE 0k, NPROC 7708, NOFILE 65536, AS infinity
load average:1,71 4,11 2,68

/proc/meminfo:
MemTotal:        1024044 kB
MemFree:           65744 kB
MemAvailable:       7628 kB
Buffers:            1508 kB
Cached:            37364 kB
SwapCached:            0 kB
Active:           884436 kB
Inactive:          28344 kB
Active(anon):     874848 kB
Inactive(anon):    17308 kB
Active(file):       9588 kB
Inactive(file):    11036 kB
Unevictable:          32 kB
Mlocked:              32 kB
HighTotal:        135112 kB
HighFree:           2068 kB
LowTotal:         888932 kB
LowFree:           63676 kB
SwapTotal:             0 kB
SwapFree:              0 kB
Dirty:               472 kB
Writeback:             0 kB
AnonPages:        874032 kB
Mapped:            25620 kB
Shmem:             18180 kB
Slab:              24792 kB
SReclaimable:      13020 kB
SUnreclaim:        11772 kB
KernelStack:        2992 kB
PageTables:         7116 kB
NFS_Unstable:          0 kB
Bounce:                0 kB
WritebackTmp:          0 kB
CommitLimit:      512020 kB
Committed_AS:    2616696 kB
VmallocTotal:     122880 kB
VmallocUsed:           0 kB
VmallocChunk:          0 kB
AnonHugePages:    434176 kB
CmaTotal:              0 kB
CmaFree:               0 kB
HugePages_Total:       0
HugePages_Free:        0
HugePages_Rsvd:        0
HugePages_Surp:        0
Hugepagesize:       2048 kB
DirectMap4k:       38904 kB
DirectMap2M:      874496 kB


CPU:total 1 (1 cores per cpu, 1 threads per core) family 6 model 26 stepping 5, cmov, cx8, fxsr, mmx, sse, sse2, sse3, ssse3, sse4.1, sse4.2, tsc, tscinvbit, tscinv

/proc/cpuinfo:
processor	: 0
vendor_id	: GenuineIntel
cpu family	: 6
model		: 26
model name	: Intel(R) Core(TM) i7 CPU         920  @ 2.67GHz
stepping	: 5
microcode	: 0x616
cpu MHz		: 2677.750
cache size	: 8192 KB
physical id	: 0
siblings	: 1
core id		: 0
cpu cores	: 1
apicid		: 0
initial apicid	: 0
fdiv_bug	: no
f00f_bug	: no
coma_bug	: no
fpu		: yes
fpu_exception	: yes
cpuid level	: 11
wp		: yes
flags		: fpu vme de pse tsc msr pae mce cx8 apic sep mtrr pge mca cmov pat pse36 clflush mmx fxsr sse sse2 nx rdtscp constant_tsc xtopology nonstop_tsc pni monitor ssse3 sse4_1 sse4_2 hypervisor lahf_lm
bugs		:
bogomips	: 5355.50
clflush size	: 64
cache_alignment	: 64
address sizes	: 36 bits physical, 48 bits virtual
power management:



Memory: 4k page, physical 1024044k(65744k free), swap 0k(0k free)

vm_info: Java HotSpot(TM) Client VM (25.111-b14) for linux-x86 JRE (1.8.0_111-b14), built on Sep 22 2016 15:56:51 by "java_re" with gcc 4.3.0 20080428 (Red Hat 4.3.0-8)

time: Mon Dec 26 16:12:25 2016
elapsed time: 10 seconds (0d 0h 0m 10s)

